global_palette.h
global_palette.c
battlebase.h
battlebase.c
battlescene1.h
battlescene1.c
dialoguebox.h
dialoguebox.c
blastoise.h
blastoise.c
blastoise_back.h
blastoise_back.c
charizard.h
charizard.c
charizard_back.h
charizard_back.c
venusaur.h
venusaur.c
venusaur_back.h
venusaur_back.c
alakazam.h
alakazam.c
alakazam_back.h
alakazam_back.c
arcanine.h
arcanine.c
arcanine_back.h
arcanine_back.c
dragonite.h
dragonite.c
dragonite_back.h
dragonite_back.c
gyarados.h
gyarados.c
gyarados_back.h
gyarados_back.c
mewtwo.h
mewtwo.c
mewtwo_back.h
mewtwo_back.c
snorlax.h
snorlax.c
snorlax_back.h
snorlax_back.c
gengar.h
gengar.c
gengar_back.h
gengar_back.c
timon.h
timon.c
gfx.h
